#
# A fatal error has been detected by the Java Runtime Environment:
#
#  EXCEPTION_ACCESS_VIOLATION (0xc0000005) at pc=0x00007ffaedb88a4c, pid=10344, tid=0x0000000000002c04
#
# JRE version: Java(TM) SE Runtime Environment (8.0_321-b07) (build 1.8.0_321-b07)
# Java VM: Java HotSpot(TM) 64-Bit Server VM (25.321-b07 mixed mode windows-amd64 compressed oops)
# Problematic frame:
# C  [ucrtbase.dll+0x18a4c]
#
# Failed to write core dump. Minidumps are not enabled by default on client versions of Windows
#
# If you would like to submit a bug report, please visit:
#   http://bugreport.java.com/bugreport/crash.jsp
#

---------------  T H R E A D  ---------------

Current thread (0x000002765eda8800):  JavaThread "C2 CompilerThread0" daemon [_thread_in_native, id=11268, stack(0x0000007baa500000,0x0000007baa600000)]

siginfo: ExceptionCode=0xc0000005, writing address 0x0000000000000000

Registers:
RAX=0x000002764863f76a, RBX=0x00007ffaedc5f540, RCX=0x0000000000000000, RDX=0x000002764863f840
RSP=0x0000007baa5fb870, RBP=0x0000007baa5fba30, RSI=0x0000000000000000, RDI=0x0000000000000000
R8 =0x0000000000002282, R9 =0x0000000000000002, R10=0x000002764863f840, R11=0x00007ffaedc60980
R12=0x0000000000000020, R13=0x0000000000000002, R14=0x00007ffaedc3bc10, R15=0x000000000000000c
RIP=0x00007ffaedb88a4c, EFLAGS=0x0000000000010246

Top of Stack: (sp=0x0000007baa5fb870)
0x0000007baa5fb870:   0000000000000000 0000000000000000
0x0000007baa5fb880:   0000000000000000 0000000000000000
0x0000007baa5fb890:   000000000000006a 00007ffaedb87ea9
0x0000007baa5fb8a0:   000000000000006a 00007ffaedc5f540
0x0000007baa5fb8b0:   0000007baa5fbe18 0000000000000000
0x0000007baa5fb8c0:   00000000ffffffff 00007ffaedb8a3f4
0x0000007baa5fb8d0:   0000007baa5fb9b0 0000000000000000
0x0000007baa5fb8e0:   0000000000000000 0000000000000000
0x0000007baa5fb8f0:   0000000000000000 00007ffaedb8a587
0x0000007baa5fb900:   0000000000000000 0000000000000000
0x0000007baa5fb910:   0000000000000000 0000000000000000
0x0000007baa5fb920:   0000007baa5fc720 00007ffaedb8b216
0x0000007baa5fb930:   0000007baa5fbeb0 0000007baa5fbf00
0x0000007baa5fb940:   00007ffaedc5f540 0000000000000000
0x0000007baa5fb950:   0000007baa5fb968 0000007baa5fb960
0x0000007baa5fb960:   0000007baa5fbf50 0000007baa5fb990 

Instructions: (pc=0x00007ffaedb88a4c)
0x00007ffaedb88a2c:   48 8b 04 c2 48 8d 0c c9 48 8d 14 c8 f6 42 38 20
0x00007ffaedb88a3c:   0f 85 b4 b4 03 00 48 8b 4b 08 3b f7 8a 44 24 30
0x00007ffaedb88a4c:   88 01 0f 94 c0 48 8b 5c 24 38 48 8b 74 24 40 48
0x00007ffaedb88a5c:   83 c4 20 5f c3 44 8b c7 41 8b c9 e8 34 f1 ff ff 


Register to memory mapping:

RAX=0x000002764863f76a is an unknown value
RBX=0x00007ffaedc5f540 is an unknown value
RCX=0x0000000000000000 is an unknown value
RDX=0x000002764863f840 is an unknown value
RSP=0x0000007baa5fb870 is pointing into the stack for thread: 0x000002765eda8800
RBP=0x0000007baa5fba30 is pointing into the stack for thread: 0x000002765eda8800
RSI=0x0000000000000000 is an unknown value
RDI=0x0000000000000000 is an unknown value
R8 =0x0000000000002282 is an unknown value
R9 =0x0000000000000002 is an unknown value
R10=0x000002764863f840 is an unknown value
R11=0x00007ffaedc60980 is an unknown value
R12=0x0000000000000020 is an unknown value
R13=0x0000000000000002 is an unknown value
R14=0x00007ffaedc3bc10 is an unknown value
R15=0x000000000000000c is an unknown value


Stack: [0x0000007baa500000,0x0000007baa600000],  sp=0x0000007baa5fb870,  free space=1006k
Native frames: (J=compiled Java code, j=interpreted, Vv=VM code, C=native code)
C  [ucrtbase.dll+0x18a4c]


Current CompileTask:
C2:4884412  906       4       sun.util.logging.PlatformLogger::isLoggable (38 bytes)


---------------  P R O C E S S  ---------------

Java Threads: ( => current thread )
  0x000002764865f000 JavaThread "DestroyJavaVM" [_thread_blocked, id=16480, stack(0x0000007ba9b00000,0x0000007ba9c00000)]
  0x000002765fc59800 JavaThread "AWT-EventQueue-0" [_thread_in_native, id=3096, stack(0x0000007baad00000,0x0000007baae00000)]
  0x000002765fbcb800 JavaThread "AWT-Windows" daemon [_thread_in_native, id=1608, stack(0x0000007baac00000,0x0000007baad00000)]
  0x000002765fbc2000 JavaThread "AWT-Shutdown" [_thread_blocked, id=16092, stack(0x0000007baab00000,0x0000007baac00000)]
  0x000002765fbba000 JavaThread "Java2D Disposer" daemon [_thread_blocked, id=14164, stack(0x0000007baaa00000,0x0000007baab00000)]
  0x000002765ee3d000 JavaThread "Service Thread" daemon [_thread_blocked, id=6340, stack(0x0000007baa800000,0x0000007baa900000)]
  0x000002765ee0b800 JavaThread "C1 CompilerThread2" daemon [_thread_blocked, id=9244, stack(0x0000007baa700000,0x0000007baa800000)]
  0x000002765ee00800 JavaThread "C2 CompilerThread1" daemon [_thread_in_native, id=11760, stack(0x0000007baa600000,0x0000007baa700000)]
=>0x000002765eda8800 JavaThread "C2 CompilerThread0" daemon [_thread_in_native, id=11268, stack(0x0000007baa500000,0x0000007baa600000)]
  0x000002765ed5c000 JavaThread "Attach Listener" daemon [_thread_blocked, id=16072, stack(0x0000007baa400000,0x0000007baa500000)]
  0x000002765ed5b000 JavaThread "Signal Dispatcher" daemon [_thread_blocked, id=3260, stack(0x0000007baa300000,0x0000007baa400000)]
  0x000002765e606000 JavaThread "Finalizer" daemon [_thread_blocked, id=4484, stack(0x0000007baa200000,0x0000007baa300000)]
  0x000002765e5ff000 JavaThread "Reference Handler" daemon [_thread_blocked, id=19028, stack(0x0000007baa100000,0x0000007baa200000)]

Other Threads:
  0x000002765ed11800 VMThread [stack: 0x0000007baa000000,0x0000007baa100000] [id=9432]
  0x000002765ee42000 WatcherThread [stack: 0x0000007baa900000,0x0000007baaa00000] [id=10176]

VM state:not at safepoint (normal execution)

VM Mutex/Monitor currently owned by a thread: None

heap address: 0x0000000082800000, size: 2008 MB, Compressed Oops mode: 32-bit
Narrow klass base: 0x0000000000000000, Narrow klass shift: 3
Compressed class space size: 1073741824 Address: 0x0000000100000000

Heap:
 PSYoungGen      total 37888K, used 12075K [0x00000000d6300000, 0x00000000d8d00000, 0x0000000100000000)
  eden space 32768K, 36% used [0x00000000d6300000,0x00000000d6ecaec0,0x00000000d8300000)
  from space 5120K, 0% used [0x00000000d8800000,0x00000000d8800000,0x00000000d8d00000)
  to   space 5120K, 0% used [0x00000000d8300000,0x00000000d8300000,0x00000000d8800000)
 ParOldGen       total 86016K, used 0K [0x0000000082800000, 0x0000000087c00000, 0x00000000d6300000)
  object space 86016K, 0% used [0x0000000082800000,0x0000000082800000,0x0000000087c00000)
 Metaspace       used 10199K, capacity 10372K, committed 10624K, reserved 1058816K
  class space    used 1254K, capacity 1322K, committed 1408K, reserved 1048576K

Card table byte_map: [0x00000276593a0000,0x0000027659790000] byte_map_base: 0x0000027658f8c000

Marking Bits: (ParMarkBitMap*) 0x0000000077d39030
 Begin Bits: [0x0000027659a30000, 0x000002765b990000)
 End Bits:   [0x000002765b990000, 0x000002765d8f0000)

Polling page: 0x0000027649fb0000

CodeCache: size=245760Kb used=3355Kb max_used=3355Kb free=242404Kb
 bounds [0x0000027649fe0000, 0x000002764a330000, 0x0000027658fe0000]
 total_blobs=1367 nmethods=904 adapters=375
 compilation: enabled

Compilation events (10 events):
Event: 9.890 Thread 0x000002765ee0b800  898  s    3       javax.swing.RepaintManager::getPaintManager (107 bytes)
Event: 9.890 Thread 0x000002765ee0b800 nmethod 898 0x000002764a325010 code [0x000002764a325220, 0x000002764a325e40]
Event: 9.891 Thread 0x000002765ee0b800  900       3       sun.awt.image.SunVolatileImage::getWidth (5 bytes)
Event: 9.891 Thread 0x000002765ee0b800 nmethod 900 0x000002764a326710 code [0x000002764a326860, 0x000002764a3269d8]
Event: 9.891 Thread 0x000002765ee0b800  901       3       sun.awt.image.SunVolatileImage::getHeight (5 bytes)
Event: 9.891 Thread 0x000002765ee0b800 nmethod 901 0x000002764a326a50 code [0x000002764a326ba0, 0x000002764a326d18]
Event: 4883.854 Thread 0x000002765ee0b800  904       3       java.lang.invoke.MethodType::toMethodDescriptorString (21 bytes)
Event: 4883.860 Thread 0x000002765ee0b800 nmethod 904 0x000002764a326d90 code [0x000002764a326fa0, 0x000002764a327aa0]
Event: 4884.378 Thread 0x000002765ee00800  905       4       sun.util.logging.PlatformLogger$DefaultLoggerProxy::isLoggable (29 bytes)
Event: 4884.384 Thread 0x000002765eda8800  906       4       sun.util.logging.PlatformLogger::isLoggable (38 bytes)

GC Heap History (0 events):
No events

Deoptimization events (5 events):
Event: 0.800 Thread 0x000002764865f000 Uncommon trap: reason=null_check action=make_not_entrant pc=0x000002764a160df0 method=java.lang.String.equals(Ljava/lang/Object;)Z @ 8
Event: 4.430 Thread 0x000002765fc59800 Uncommon trap: reason=class_check action=maybe_recompile pc=0x000002764a2336d8 method=java.util.HashMap.getNode(ILjava/lang/Object;)Ljava/util/HashMap$Node; @ 126
Event: 4.431 Thread 0x000002765fc59800 Uncommon trap: reason=class_check action=maybe_recompile pc=0x000002764a2336d8 method=java.util.HashMap.getNode(ILjava/lang/Object;)Ljava/util/HashMap$Node; @ 126
Event: 4.432 Thread 0x000002765fc59800 Uncommon trap: reason=class_check action=maybe_recompile pc=0x000002764a2336d8 method=java.util.HashMap.getNode(ILjava/lang/Object;)Ljava/util/HashMap$Node; @ 126
Event: 4.640 Thread 0x000002765fc59800 Uncommon trap: reason=class_check action=maybe_recompile pc=0x000002764a2336d8 method=java.util.HashMap.getNode(ILjava/lang/Object;)Ljava/util/HashMap$Node; @ 126

Classes redefined (0 events):
No events

Internal exceptions (10 events):
Event: 0.371 Thread 0x000002764865f000 Exception <a 'java/security/PrivilegedActionException'> (0x00000000d6467d70) thrown at [C:\jenkins\workspace\8-2-build-windows-amd64-cygwin\jdk8u321\2141\hotspot\src\share\vm\prims\jvm.cpp, line 1523]
Event: 0.374 Thread 0x000002764865f000 Exception <a 'java/security/PrivilegedActionException'> (0x00000000d6469d20) thrown at [C:\jenkins\workspace\8-2-build-windows-amd64-cygwin\jdk8u321\2141\hotspot\src\share\vm\prims\jvm.cpp, line 1523]
Event: 0.374 Thread 0x000002764865f000 Exception <a 'java/security/PrivilegedActionException'> (0x00000000d6469f30) thrown at [C:\jenkins\workspace\8-2-build-windows-amd64-cygwin\jdk8u321\2141\hotspot\src\share\vm\prims\jvm.cpp, line 1523]
Event: 0.402 Thread 0x000002764865f000 Exception <a 'java/io/FileNotFoundException'> (0x00000000d646ca60) thrown at [C:\jenkins\workspace\8-2-build-windows-amd64-cygwin\jdk8u321\2141\hotspot\src\share\vm\prims\jni.cpp, line 710]
Event: 0.539 Thread 0x000002764865f000 Exception <a 'java/lang/NoSuchFieldError': method resolution failed> (0x00000000d653d4d0) thrown at [C:\jenkins\workspace\8-2-build-windows-amd64-cygwin\jdk8u321\2141\hotspot\src\share\vm\prims\methodHandles.cpp, line 1169]
Event: 0.545 Thread 0x000002764865f000 Exception <a 'java/lang/NoSuchFieldError': method resolution failed> (0x00000000d654a8a0) thrown at [C:\jenkins\workspace\8-2-build-windows-amd64-cygwin\jdk8u321\2141\hotspot\src\share\vm\prims\methodHandles.cpp, line 1169]
Event: 0.666 Thread 0x000002764865f000 Exception <a 'java/io/FileNotFoundException'> (0x00000000d65e4468) thrown at [C:\jenkins\workspace\8-2-build-windows-amd64-cygwin\jdk8u321\2141\hotspot\src\share\vm\prims\jni.cpp, line 710]
Event: 0.800 Thread 0x000002764865f000 Implicit null exception at 0x000002764a160c22 to 0x000002764a160de1
Event: 0.972 Thread 0x000002764865f000 Exception <a 'java/io/FileNotFoundException'> (0x00000000d6839f90) thrown at [C:\jenkins\workspace\8-2-build-windows-amd64-cygwin\jdk8u321\2141\hotspot\src\share\vm\prims\jni.cpp, line 710]
Event: 0.972 Thread 0x000002764865f000 Exception <a 'java/lang/NullPointerException'> (0x00000000d683a638) thrown at [C:\jenkins\workspace\8-2-build-windows-amd64-cygwin\jdk8u321\2141\hotspot\src\share\vm\interpreter\linkResolver.cpp, line 1185]

Events (10 events):
Event: 4.432 Thread 0x000002765fc59800 Uncommon trap: trap_request=0xffffffde fr.pc=0x000002764a2336d8
Event: 4.432 Thread 0x000002765fc59800 DEOPT PACKING pc=0x000002764a2336d8 sp=0x0000007baadfc980
Event: 4.432 Thread 0x000002765fc59800 DEOPT UNPACKING pc=0x000002764a0258c3 sp=0x0000007baadfc8f0 mode 2
Event: 4.640 Thread 0x000002765fc59800 Uncommon trap: trap_request=0xffffffde fr.pc=0x000002764a2336d8
Event: 4.640 Thread 0x000002765fc59800 DEOPT PACKING pc=0x000002764a2336d8 sp=0x0000007baadfcd40
Event: 4.640 Thread 0x000002765fc59800 DEOPT UNPACKING pc=0x000002764a0258c3 sp=0x0000007baadfccb0 mode 2
Event: 11.033 loading class java/awt/KeyboardFocusManager$2
Event: 11.034 loading class java/awt/KeyboardFocusManager$2 done
Event: 11.034 loading class sun/awt/SunToolkit$1
Event: 11.034 loading class sun/awt/SunToolkit$1 done


Dynamic libraries:
0x00007ff7b39c0000 - 0x00007ff7b3a07000 	C:\Users\jdk\bin\javaw.exe
0x00007ffaf0450000 - 0x00007ffaf0645000 	C:\WINDOWS\SYSTEM32\ntdll.dll
0x00007ffaefc30000 - 0x00007ffaefcee000 	C:\WINDOWS\System32\KERNEL32.DLL
0x00007ffaee1e0000 - 0x00007ffaee4a8000 	C:\WINDOWS\System32\KERNELBASE.dll
0x00007ffaefe60000 - 0x00007ffaeff0e000 	C:\WINDOWS\System32\ADVAPI32.dll
0x00007ffaee570000 - 0x00007ffaee60e000 	C:\WINDOWS\System32\msvcrt.dll
0x00007ffaeff10000 - 0x00007ffaeffac000 	C:\WINDOWS\System32\sechost.dll
0x00007ffaefd10000 - 0x00007ffaefe35000 	C:\WINDOWS\System32\RPCRT4.dll
0x00007ffaf0090000 - 0x00007ffaf0230000 	C:\WINDOWS\System32\USER32.dll
0x00007ffaedf10000 - 0x00007ffaedf32000 	C:\WINDOWS\System32\win32u.dll
0x00007ffaef650000 - 0x00007ffaef67a000 	C:\WINDOWS\System32\GDI32.dll
0x00007ffaee0d0000 - 0x00007ffaee1db000 	C:\WINDOWS\System32\gdi32full.dll
0x00007ffaede70000 - 0x00007ffaedf0d000 	C:\WINDOWS\System32\msvcp_win.dll
0x00007ffaedb70000 - 0x00007ffaedc70000 	C:\WINDOWS\System32\ucrtbase.dll
0x00007ffadc280000 - 0x00007ffadc51a000 	C:\WINDOWS\WinSxS\amd64_microsoft.windows.common-controls_6595b64144ccf1df_6.0.19041.1110_none_60b5254171f9507e\COMCTL32.dll
0x00007ffaef260000 - 0x00007ffaef290000 	C:\WINDOWS\System32\IMM32.DLL
0x00007ffade500000 - 0x00007ffade515000 	C:\Users\jdk\bin\vcruntime140.dll
0x00007ffac35f0000 - 0x00007ffac368b000 	C:\Users\jdk\bin\msvcp140.dll
0x0000000077550000 - 0x0000000077db1000 	C:\Users\jdk\bin\server\jvm.dll
0x00007ffaf0230000 - 0x00007ffaf0238000 	C:\WINDOWS\System32\PSAPI.DLL
0x00007ffad8f20000 - 0x00007ffad8f29000 	C:\WINDOWS\SYSTEM32\WSOCK32.dll
0x00007ffaef680000 - 0x00007ffaef6eb000 	C:\WINDOWS\System32\WS2_32.dll
0x00007ffad8b30000 - 0x00007ffad8b57000 	C:\WINDOWS\SYSTEM32\WINMM.dll
0x00007ffae4250000 - 0x00007ffae425a000 	C:\WINDOWS\SYSTEM32\VERSION.dll
0x00007ffaec470000 - 0x00007ffaec482000 	C:\WINDOWS\SYSTEM32\kernel.appcore.dll
0x00007ffae8be0000 - 0x00007ffae8bf0000 	C:\Users\jdk\bin\verify.dll
0x00007ffadf140000 - 0x00007ffadf16b000 	C:\Users\jdk\bin\java.dll
0x00007ffae59c0000 - 0x00007ffae59d8000 	C:\Users\jdk\bin\zip.dll
0x00007ffaee880000 - 0x00007ffaeefc4000 	C:\WINDOWS\System32\SHELL32.dll
0x00007ffaeb980000 - 0x00007ffaec114000 	C:\WINDOWS\SYSTEM32\windows.storage.dll
0x00007ffaef2f0000 - 0x00007ffaef644000 	C:\WINDOWS\System32\combase.dll
0x00007ffaed510000 - 0x00007ffaed53c000 	C:\WINDOWS\SYSTEM32\Wldp.dll
0x00007ffaf0240000 - 0x00007ffaf02ed000 	C:\WINDOWS\System32\SHCORE.dll
0x00007ffaee4b0000 - 0x00007ffaee505000 	C:\WINDOWS\System32\shlwapi.dll
0x00007ffaedab0000 - 0x00007ffaedacf000 	C:\WINDOWS\SYSTEM32\profapi.dll
0x00007ffab49a0000 - 0x00007ffab4b35000 	C:\Users\jdk\bin\awt.dll
0x00007ffaefb60000 - 0x00007ffaefc2d000 	C:\WINDOWS\System32\OLEAUT32.dll
0x00007ffae98a0000 - 0x00007ffae9930000 	C:\WINDOWS\SYSTEM32\apphelp.dll
0x00007ffaea7c0000 - 0x00007ffaea7ef000 	C:\WINDOWS\system32\DWMAPI.DLL
0x00007ffae9930000 - 0x00007ffae99ce000 	C:\WINDOWS\system32\uxtheme.dll
0x00007ffad66d0000 - 0x00007ffad67f6000 	C:\WINDOWS\system32\opengl32.dll
0x00007ffae46f0000 - 0x00007ffae471c000 	C:\WINDOWS\SYSTEM32\GLU32.dll
0x00007ffaf02f0000 - 0x00007ffaf0405000 	C:\WINDOWS\System32\MSCTF.dll
0x00007ffaee6c0000 - 0x00007ffaee7ea000 	C:\WINDOWS\System32\ole32.dll
0x00007ffaedf40000 - 0x00007ffaedfc2000 	C:\WINDOWS\System32\bcryptPrimitives.dll
0x00007ffae1740000 - 0x00007ffae185a000 	C:\WINDOWS\System32\DriverStore\FileRepository\iigd_dch.inf_amd64_cbff44d34c6d2101\igdgmm64.dll
0x00007ffaa7120000 - 0x00007ffaaaaa2000 	C:\WINDOWS\System32\DriverStore\FileRepository\iigd_dch.inf_amd64_cbff44d34c6d2101\igd9dxva64.dll
0x00007ffae2f30000 - 0x00007ffae2f6b000 	C:\WINDOWS\SYSTEM32\dxcore.dll
0x00007ffaedfd0000 - 0x00007ffaee01e000 	C:\WINDOWS\System32\cfgmgr32.dll
0x00007fface370000 - 0x00007fface3b9000 	C:\Users\jdk\bin\fontmanager.dll
0x00007ffae5940000 - 0x00007ffae595c000 	C:\Users\jdk\bin\net.dll
0x00007ffaed270000 - 0x00007ffaed2da000 	C:\WINDOWS\system32\mswsock.dll
0x00007ffae1a20000 - 0x00007ffae1a33000 	C:\Users\jdk\bin\nio.dll
0x00007ffac2e10000 - 0x00007ffac2e53000 	C:\Users\jdk\bin\t2k.dll
0x00007ffadda00000 - 0x00007ffaddaf9000 	C:\WINDOWS\SYSTEM32\textinputframework.dll
0x00007ffae97a0000 - 0x00007ffae9892000 	C:\WINDOWS\System32\CoreMessaging.dll
0x00007ffae9340000 - 0x00007ffae969e000 	C:\WINDOWS\System32\CoreUIComponents.dll
0x00007ffae8c70000 - 0x00007ffae8dc4000 	C:\WINDOWS\SYSTEM32\wintypes.dll
0x00007ffaec880000 - 0x00007ffaec8b3000 	C:\WINDOWS\SYSTEM32\ntmarta.dll
0x00007ffaee610000 - 0x00007ffaee6b9000 	C:\WINDOWS\System32\clbcatq.dll
0x00007ffabd650000 - 0x00007ffabd721000 	C:\Windows\System32\IME\IMEKR\imkrtip.dll
0x00007ffaea570000 - 0x00007ffaea666000 	C:\WINDOWS\SYSTEM32\PROPSYS.dll
0x00007ffabcbd0000 - 0x00007ffabcd12000 	C:\Windows\System32\IME\shared\imetip.dll
0x00007ffae68e0000 - 0x00007ffae6a8e000 	C:\WINDOWS\SYSTEM32\DUI70.dll
0x00007ffacd910000 - 0x00007ffacd976000 	C:\WINDOWS\SYSTEM32\OLEACC.dll
0x00007ffac7530000 - 0x00007ffac7571000 	C:\Windows\System32\IME\IMEKR\imkrapi.dll
0x00007ffae7fc0000 - 0x00007ffae8060000 	C:\WINDOWS\SYSTEM32\policymanager.dll
0x00007ffaecc80000 - 0x00007ffaecd0a000 	C:\WINDOWS\SYSTEM32\msvcp110_win.dll
0x00007ffacd990000 - 0x00007ffacd9ce000 	C:\Windows\System32\IME\shared\imjkapi.dll

VM Arguments:
jvm_args: -Dfile.encoding=UTF-8 
java_command: 인터페이스사용.MyWindow4
java_class_path (initial): C:\Users\aaa77\eclipse-workspace\window1\bin
Launcher Type: SUN_STANDARD

Environment Variables:
PATH=C:/Users/jdk/bin/server;C:/Users/jdk/bin;C:/Users/jdk/lib/amd64;C:\Program Files (x86)\Common Files\Oracle\Java\javapath;C:\Program Files (x86)\Intel\iCLS Client\;C:\Program Files\Intel\iCLS Client\;C:\WINDOWS\system32;C:\WINDOWS;C:\WINDOWS\System32\Wbem;C:\WINDOWS\System32\WindowsPowerShell\v1.0\;C:\WINDOWS\System32\OpenSSH\;C:\Program Files (x86)\Intel\Intel(R) Management Engine Components\DAL;C:\Program Files\Intel\Intel(R) Management Engine Components\DAL;C:\Program Files (x86)\Intel\Intel(R) Management Engine Components\IPT;C:\Program Files\Intel\Intel(R) Management Engine Components\IPT;C:\Program Files\Git\cmd;C:\Program Files\Git\bin;C:\Program Files\Graphviz\bin;C:\Users\aaa77\AppData\Local\Microsoft\WindowsApps;C:\Users\aaa77\AppData\Local\GitHubDesktop\bin;C:\Program Files\JetBrains\PyCharm Community Edition 2021.3.2\bin;;C:\Program Files\MySQL\MySQL Server 5.5\bin;;C:\Users\aaa77\OneDrive\바탕 화면;
USERNAME=aaa77
OS=Windows_NT
PROCESSOR_IDENTIFIER=Intel64 Family 6 Model 142 Stepping 10, GenuineIntel



---------------  S Y S T E M  ---------------

OS: Windows 10 , 64 bit Build 19041 (10.0.19041.1645)

CPU:total 4 (initial active 4) (2 cores per cpu, 2 threads per core) family 6 model 142 stepping 10, cmov, cx8, fxsr, mmx, sse, sse2, sse3, ssse3, sse4.1, sse4.2, popcnt, avx, avx2, aes, clmul, erms, 3dnowpref, lzcnt, ht, tsc, tscinvbit, bmi1, bmi2, adx

Memory: 4k page, physical 8218452k(1518232k free), swap 21665616k(44k free)

vm_info: Java HotSpot(TM) 64-Bit Server VM (25.321-b07) for windows-amd64 JRE (1.8.0_321-b07), built on Dec 15 2021 11:19:20 by "java_re" with MS VC++ 15.9 (VS2017)

time: Tue Apr 26 13:24:15 2022
timezone: 대한민국 표준시
elapsed time: 4884.439810 seconds (0d 1h 21m 24s)

