#
# There is insufficient memory for the Java Runtime Environment to continue.
# Native memory allocation (malloc) failed to allocate 32744 bytes for ChunkPool::allocate
# Possible reasons:
#   The system is out of physical RAM or swap space
#   The process is running with CompressedOops enabled, and the Java Heap may be blocking the growth of the native heap
# Possible solutions:
#   Reduce memory load on the system
#   Increase physical memory or swap space
#   Check if swap backing store is full
#   Decrease Java heap size (-Xmx/-Xms)
#   Decrease number of Java threads
#   Decrease Java thread stack sizes (-Xss)
#   Set larger code cache with -XX:ReservedCodeCacheSize=
#   JVM is running with Unscaled Compressed Oops mode in which the Java heap is
#     placed in the first 4GB address space. The Java Heap base address is the
#     maximum limit for the native heap growth. Please use -XX:HeapBaseMinAddress
#     to set the Java Heap base and to place the Java Heap above 4GB virtual address.
# This output file may be truncated or incomplete.
#
#  Out of Memory Error (allocation.cpp:272), pid=20472, tid=0x0000000000001024
#
# JRE version: Java(TM) SE Runtime Environment (8.0_321-b07) (build 1.8.0_321-b07)
# Java VM: Java HotSpot(TM) 64-Bit Server VM (25.321-b07 mixed mode windows-amd64 compressed oops)
# Failed to write core dump. Minidumps are not enabled by default on client versions of Windows
#

---------------  T H R E A D  ---------------

Current thread (0x0000018124ee0800):  JavaThread "C2 CompilerThread1" daemon [_thread_in_native, id=4132, stack(0x0000005dac800000,0x0000005dac900000)]

Stack: [0x0000005dac800000,0x0000005dac900000]
Native frames: (J=compiled Java code, j=interpreted, Vv=VM code, C=native code)
V  [jvm.dll+0x32fc49]


Current CompileTask:
C2:5849691  831       4       java.util.HashMap$KeyIterator::next (8 bytes)


---------------  P R O C E S S  ---------------

Java Threads: ( => current thread )
  0x000001810e68d800 JavaThread "DestroyJavaVM" [_thread_blocked, id=11620, stack(0x0000005dabd00000,0x0000005dabe00000)]
  0x0000018125cd1000 JavaThread "AWT-EventQueue-0" [_thread_in_vm, id=18484, stack(0x0000005dad000000,0x0000005dad100000)]
  0x0000018125c4d800 JavaThread "AWT-Windows" daemon [_thread_in_native, id=10248, stack(0x0000005dacf00000,0x0000005dad000000)]
  0x0000018125c46000 JavaThread "AWT-Shutdown" [_thread_blocked, id=15292, stack(0x0000005dace00000,0x0000005dacf00000)]
  0x0000018125c40000 JavaThread "Java2D Disposer" daemon [_thread_blocked, id=6136, stack(0x0000005dacd00000,0x0000005dace00000)]
  0x0000018124f2d000 JavaThread "Service Thread" daemon [_thread_blocked, id=10680, stack(0x0000005daca00000,0x0000005dacb00000)]
  0x0000018124eec000 JavaThread "C1 CompilerThread2" daemon [_thread_blocked, id=760, stack(0x0000005dac900000,0x0000005daca00000)]
=>0x0000018124ee0800 JavaThread "C2 CompilerThread1" daemon [_thread_in_native, id=4132, stack(0x0000005dac800000,0x0000005dac900000)]
  0x0000018124e88000 JavaThread "C2 CompilerThread0" daemon [_thread_blocked, id=18332, stack(0x0000005dac700000,0x0000005dac800000)]
  0x0000018124e87800 JavaThread "Attach Listener" daemon [_thread_blocked, id=7576, stack(0x0000005dac600000,0x0000005dac700000)]
  0x0000018124e3a800 JavaThread "Signal Dispatcher" daemon [_thread_blocked, id=4784, stack(0x0000005dac500000,0x0000005dac600000)]
  0x0000018124e16800 JavaThread "Finalizer" daemon [_thread_blocked, id=4584, stack(0x0000005dac400000,0x0000005dac500000)]
  0x00000181246d1000 JavaThread "Reference Handler" daemon [_thread_blocked, id=10976, stack(0x0000005dac300000,0x0000005dac400000)]

Other Threads:
  0x0000018124df2000 VMThread [stack: 0x0000005dac200000,0x0000005dac300000] [id=2452]
  0x0000018124f32000 WatcherThread [stack: 0x0000005dacb00000,0x0000005dacc00000] [id=19740]

VM state:not at safepoint (normal execution)

VM Mutex/Monitor currently owned by a thread: None

heap address: 0x0000000082800000, size: 2008 MB, Compressed Oops mode: 32-bit
Narrow klass base: 0x0000000000000000, Narrow klass shift: 3
Compressed class space size: 1073741824 Address: 0x0000000100000000

Heap:
 PSYoungGen      total 37888K, used 19295K [0x00000000d6300000, 0x00000000d8d00000, 0x0000000100000000)
  eden space 32768K, 58% used [0x00000000d6300000,0x00000000d75d7c60,0x00000000d8300000)
  from space 5120K, 0% used [0x00000000d8800000,0x00000000d8800000,0x00000000d8d00000)
  to   space 5120K, 0% used [0x00000000d8300000,0x00000000d8300000,0x00000000d8800000)
 ParOldGen       total 86016K, used 0K [0x0000000082800000, 0x0000000087c00000, 0x00000000d6300000)
  object space 86016K, 0% used [0x0000000082800000,0x0000000082800000,0x0000000087c00000)
 Metaspace       used 9156K, capacity 9280K, committed 9344K, reserved 1056768K
  class space    used 1083K, capacity 1132K, committed 1152K, reserved 1048576K

Card table byte_map: [0x000001811f4a0000,0x000001811f890000] byte_map_base: 0x000001811f08c000

Marking Bits: (ParMarkBitMap*) 0x0000000077d39030
 Begin Bits: [0x000001811fb30000, 0x0000018121a90000)
 End Bits:   [0x0000018121a90000, 0x00000181239f0000)

Polling page: 0x000001810e880000

CodeCache: size=245760Kb used=3196Kb max_used=3196Kb free=242564Kb
 bounds [0x00000181100e0000, 0x0000018110410000, 0x000001811f0e0000]
 total_blobs=1270 nmethods=829 adapters=354
 compilation: enabled

Compilation events (10 events):
Event: 3.574 Thread 0x0000018124eec000 nmethod 822 0x00000181103fe3d0 code [0x00000181103fe5e0, 0x00000181103fee60]
Event: 3.582 Thread 0x0000018124ee0800  823       4       java.lang.StringBuilder::append (8 bytes)
Event: 3.593 Thread 0x0000018124ee0800 nmethod 823 0x0000018110401390 code [0x0000018110401500, 0x0000018110401948]
Event: 5849.457 Thread 0x0000018124eec000  825       3       java.lang.invoke.MethodType::toMethodDescriptorString (21 bytes)
Event: 5849.466 Thread 0x0000018124eec000 nmethod 825 0x00000181103fff50 code [0x0000018110400160, 0x0000018110400c60]
Event: 5849.641 Thread 0x0000018124eec000  828       3       jdk.internal.org.objectweb.asm.Label::<init> (5 bytes)
Event: 5849.642 Thread 0x0000018124eec000 nmethod 828 0x00000181103fe010 code [0x00000181103fe160, 0x00000181103fe318]
Event: 5849.651 Thread 0x0000018124eec000  830       3       jdk.internal.org.objectweb.asm.Label::resolve (214 bytes)
Event: 5849.652 Thread 0x0000018124eec000 nmethod 830 0x00000181103fd5d0 code [0x00000181103fd760, 0x00000181103fdbf8]
Event: 5849.676 Thread 0x0000018124ee0800  831       4       java.util.HashMap$KeyIterator::next (8 bytes)

GC Heap History (0 events):
No events

Deoptimization events (4 events):
Event: 0.820 Thread 0x000001810e68d800 Uncommon trap: reason=null_check action=make_not_entrant pc=0x0000018110267c30 method=java.lang.String.equals(Ljava/lang/Object;)Z @ 8
Event: 1.983 Thread 0x0000018125cd1000 Uncommon trap: reason=unstable_if action=reinterpret pc=0x00000181102ab79c method=java.lang.String.toLowerCase(Ljava/util/Locale;)Ljava/lang/String; @ 37
Event: 2.014 Thread 0x0000018125cd1000 Uncommon trap: reason=unstable_if action=reinterpret pc=0x000001811036c5b0 method=java.lang.Character.isSurrogate(C)Z @ 3
Event: 3.580 Thread 0x0000018125cd1000 Uncommon trap: reason=unstable_if action=reinterpret pc=0x00000181103ff528 method=java.awt.Component.inside(II)Z @ 13

Classes redefined (0 events):
No events

Internal exceptions (10 events):
Event: 0.335 Thread 0x000001810e68d800 Exception <a 'java/security/PrivilegedActionException'> (0x00000000d6467730) thrown at [C:\jenkins\workspace\8-2-build-windows-amd64-cygwin\jdk8u321\2141\hotspot\src\share\vm\prims\jvm.cpp, line 1523]
Event: 0.336 Thread 0x000001810e68d800 Exception <a 'java/security/PrivilegedActionException'> (0x00000000d64696e0) thrown at [C:\jenkins\workspace\8-2-build-windows-amd64-cygwin\jdk8u321\2141\hotspot\src\share\vm\prims\jvm.cpp, line 1523]
Event: 0.336 Thread 0x000001810e68d800 Exception <a 'java/security/PrivilegedActionException'> (0x00000000d64698f0) thrown at [C:\jenkins\workspace\8-2-build-windows-amd64-cygwin\jdk8u321\2141\hotspot\src\share\vm\prims\jvm.cpp, line 1523]
Event: 0.350 Thread 0x000001810e68d800 Exception <a 'java/io/FileNotFoundException'> (0x00000000d646c420) thrown at [C:\jenkins\workspace\8-2-build-windows-amd64-cygwin\jdk8u321\2141\hotspot\src\share\vm\prims\jni.cpp, line 710]
Event: 0.509 Thread 0x000001810e68d800 Exception <a 'java/lang/NoSuchFieldError': method resolution failed> (0x00000000d653ce78) thrown at [C:\jenkins\workspace\8-2-build-windows-amd64-cygwin\jdk8u321\2141\hotspot\src\share\vm\prims\methodHandles.cpp, line 1169]
Event: 0.527 Thread 0x000001810e68d800 Exception <a 'java/lang/NoSuchFieldError': method resolution failed> (0x00000000d654a248) thrown at [C:\jenkins\workspace\8-2-build-windows-amd64-cygwin\jdk8u321\2141\hotspot\src\share\vm\prims\methodHandles.cpp, line 1169]
Event: 0.706 Thread 0x000001810e68d800 Exception <a 'java/io/FileNotFoundException'> (0x00000000d65e3df0) thrown at [C:\jenkins\workspace\8-2-build-windows-amd64-cygwin\jdk8u321\2141\hotspot\src\share\vm\prims\jni.cpp, line 710]
Event: 0.820 Thread 0x000001810e68d800 Implicit null exception at 0x0000018110267a62 to 0x0000018110267c21
Event: 0.944 Thread 0x000001810e68d800 Exception <a 'java/io/FileNotFoundException'> (0x00000000d6744d88) thrown at [C:\jenkins\workspace\8-2-build-windows-amd64-cygwin\jdk8u321\2141\hotspot\src\share\vm\prims\jni.cpp, line 710]
Event: 0.944 Thread 0x000001810e68d800 Exception <a 'java/lang/NullPointerException'> (0x00000000d6745430) thrown at [C:\jenkins\workspace\8-2-build-windows-amd64-cygwin\jdk8u321\2141\hotspot\src\share\vm\interpreter\linkResolver.cpp, line 1185]

Events (10 events):
Event: 4.004 loading class java/awt/KeyboardFocusManager$2
Event: 4.004 loading class java/awt/KeyboardFocusManager$2 done
Event: 4.004 loading class sun/awt/SunToolkit$1
Event: 4.005 loading class sun/awt/SunToolkit$1 done
Event: 4.319 Executing VM operation: EnableBiasedLocking
Event: 4.319 Executing VM operation: EnableBiasedLocking done
Event: 5849.576 loading class java/util/WeakHashMap$KeyIterator
Event: 5849.583 loading class java/util/WeakHashMap$HashIterator
Event: 5849.588 loading class java/util/WeakHashMap$HashIterator done
Event: 5849.588 loading class java/util/WeakHashMap$KeyIterator done


Dynamic libraries:
0x00007ff7b39c0000 - 0x00007ff7b3a07000 	C:\Users\jdk\bin\javaw.exe
0x00007ffaf0450000 - 0x00007ffaf0645000 	C:\WINDOWS\SYSTEM32\ntdll.dll
0x00007ffaefc30000 - 0x00007ffaefcee000 	C:\WINDOWS\System32\KERNEL32.DLL
0x00007ffaee1e0000 - 0x00007ffaee4a8000 	C:\WINDOWS\System32\KERNELBASE.dll
0x00007ffaefe60000 - 0x00007ffaeff0e000 	C:\WINDOWS\System32\ADVAPI32.dll
0x00007ffaee570000 - 0x00007ffaee60e000 	C:\WINDOWS\System32\msvcrt.dll
0x00007ffaeff10000 - 0x00007ffaeffac000 	C:\WINDOWS\System32\sechost.dll
0x00007ffaefd10000 - 0x00007ffaefe35000 	C:\WINDOWS\System32\RPCRT4.dll
0x00007ffaf0090000 - 0x00007ffaf0230000 	C:\WINDOWS\System32\USER32.dll
0x00007ffaedf10000 - 0x00007ffaedf32000 	C:\WINDOWS\System32\win32u.dll
0x00007ffaef650000 - 0x00007ffaef67a000 	C:\WINDOWS\System32\GDI32.dll
0x00007ffaee0d0000 - 0x00007ffaee1db000 	C:\WINDOWS\System32\gdi32full.dll
0x00007ffaede70000 - 0x00007ffaedf0d000 	C:\WINDOWS\System32\msvcp_win.dll
0x00007ffaedb70000 - 0x00007ffaedc70000 	C:\WINDOWS\System32\ucrtbase.dll
0x00007ffadc280000 - 0x00007ffadc51a000 	C:\WINDOWS\WinSxS\amd64_microsoft.windows.common-controls_6595b64144ccf1df_6.0.19041.1110_none_60b5254171f9507e\COMCTL32.dll
0x00007ffaef260000 - 0x00007ffaef290000 	C:\WINDOWS\System32\IMM32.DLL
0x00007ffade500000 - 0x00007ffade515000 	C:\Users\jdk\bin\vcruntime140.dll
0x00007ffac35f0000 - 0x00007ffac368b000 	C:\Users\jdk\bin\msvcp140.dll
0x0000000077550000 - 0x0000000077db1000 	C:\Users\jdk\bin\server\jvm.dll
0x00007ffaf0230000 - 0x00007ffaf0238000 	C:\WINDOWS\System32\PSAPI.DLL
0x00007ffad8f20000 - 0x00007ffad8f29000 	C:\WINDOWS\SYSTEM32\WSOCK32.dll
0x00007ffaef680000 - 0x00007ffaef6eb000 	C:\WINDOWS\System32\WS2_32.dll
0x00007ffad8b30000 - 0x00007ffad8b57000 	C:\WINDOWS\SYSTEM32\WINMM.dll
0x00007ffae4250000 - 0x00007ffae425a000 	C:\WINDOWS\SYSTEM32\VERSION.dll
0x00007ffaec470000 - 0x00007ffaec482000 	C:\WINDOWS\SYSTEM32\kernel.appcore.dll
0x00007ffae8be0000 - 0x00007ffae8bf0000 	C:\Users\jdk\bin\verify.dll
0x00007ffadf140000 - 0x00007ffadf16b000 	C:\Users\jdk\bin\java.dll
0x00007ffae59c0000 - 0x00007ffae59d8000 	C:\Users\jdk\bin\zip.dll
0x00007ffaee880000 - 0x00007ffaeefc4000 	C:\WINDOWS\System32\SHELL32.dll
0x00007ffaeb980000 - 0x00007ffaec114000 	C:\WINDOWS\SYSTEM32\windows.storage.dll
0x00007ffaef2f0000 - 0x00007ffaef644000 	C:\WINDOWS\System32\combase.dll
0x00007ffaed510000 - 0x00007ffaed53c000 	C:\WINDOWS\SYSTEM32\Wldp.dll
0x00007ffaf0240000 - 0x00007ffaf02ed000 	C:\WINDOWS\System32\SHCORE.dll
0x00007ffaee4b0000 - 0x00007ffaee505000 	C:\WINDOWS\System32\shlwapi.dll
0x00007ffaedab0000 - 0x00007ffaedacf000 	C:\WINDOWS\SYSTEM32\profapi.dll
0x00007ffab49a0000 - 0x00007ffab4b35000 	C:\Users\jdk\bin\awt.dll
0x00007ffaefb60000 - 0x00007ffaefc2d000 	C:\WINDOWS\System32\OLEAUT32.dll
0x00007ffae98a0000 - 0x00007ffae9930000 	C:\WINDOWS\SYSTEM32\apphelp.dll
0x00007ffaea7c0000 - 0x00007ffaea7ef000 	C:\WINDOWS\system32\DWMAPI.DLL
0x00007ffae9930000 - 0x00007ffae99ce000 	C:\WINDOWS\system32\uxtheme.dll
0x00007ffad66d0000 - 0x00007ffad67f6000 	C:\WINDOWS\system32\opengl32.dll
0x00007ffae46f0000 - 0x00007ffae471c000 	C:\WINDOWS\SYSTEM32\GLU32.dll
0x00007ffaf02f0000 - 0x00007ffaf0405000 	C:\WINDOWS\System32\MSCTF.dll
0x00007ffaee6c0000 - 0x00007ffaee7ea000 	C:\WINDOWS\System32\ole32.dll
0x00007ffaedf40000 - 0x00007ffaedfc2000 	C:\WINDOWS\System32\bcryptPrimitives.dll
0x00007ffae1740000 - 0x00007ffae185a000 	C:\WINDOWS\System32\DriverStore\FileRepository\iigd_dch.inf_amd64_cbff44d34c6d2101\igdgmm64.dll
0x00007ffaa7120000 - 0x00007ffaaaaa2000 	C:\WINDOWS\System32\DriverStore\FileRepository\iigd_dch.inf_amd64_cbff44d34c6d2101\igd9dxva64.dll
0x00007ffae2f30000 - 0x00007ffae2f6b000 	C:\WINDOWS\SYSTEM32\dxcore.dll
0x00007ffaedfd0000 - 0x00007ffaee01e000 	C:\WINDOWS\System32\cfgmgr32.dll
0x00007fface370000 - 0x00007fface3b9000 	C:\Users\jdk\bin\fontmanager.dll
0x00007ffadda00000 - 0x00007ffaddaf9000 	C:\WINDOWS\SYSTEM32\textinputframework.dll
0x00007ffae97a0000 - 0x00007ffae9892000 	C:\WINDOWS\System32\CoreMessaging.dll
0x00007ffae9340000 - 0x00007ffae969e000 	C:\WINDOWS\System32\CoreUIComponents.dll
0x00007ffae8c70000 - 0x00007ffae8dc4000 	C:\WINDOWS\SYSTEM32\wintypes.dll
0x00007ffaec880000 - 0x00007ffaec8b3000 	C:\WINDOWS\SYSTEM32\ntmarta.dll
0x00007ffae5940000 - 0x00007ffae595c000 	C:\Users\jdk\bin\net.dll
0x00007ffaed270000 - 0x00007ffaed2da000 	C:\WINDOWS\system32\mswsock.dll
0x00007ffae1a20000 - 0x00007ffae1a33000 	C:\Users\jdk\bin\nio.dll
0x00007ffac2e10000 - 0x00007ffac2e53000 	C:\Users\jdk\bin\t2k.dll
0x00007ffaee610000 - 0x00007ffaee6b9000 	C:\WINDOWS\System32\clbcatq.dll
0x00007ffabd650000 - 0x00007ffabd721000 	C:\Windows\System32\IME\IMEKR\imkrtip.dll
0x00007ffaea570000 - 0x00007ffaea666000 	C:\WINDOWS\SYSTEM32\PROPSYS.dll
0x00007ffabcbd0000 - 0x00007ffabcd12000 	C:\Windows\System32\IME\shared\imetip.dll
0x00007ffacd910000 - 0x00007ffacd976000 	C:\WINDOWS\SYSTEM32\OLEACC.dll
0x00007ffae68e0000 - 0x00007ffae6a8e000 	C:\WINDOWS\SYSTEM32\DUI70.dll
0x00007ffac7530000 - 0x00007ffac7571000 	C:\Windows\System32\IME\IMEKR\imkrapi.dll
0x00007ffae7fc0000 - 0x00007ffae8060000 	C:\WINDOWS\SYSTEM32\policymanager.dll
0x00007ffaecc80000 - 0x00007ffaecd0a000 	C:\WINDOWS\SYSTEM32\msvcp110_win.dll
0x00007ffacd990000 - 0x00007ffacd9ce000 	C:\Windows\System32\IME\shared\imjkapi.dll

VM Arguments:
jvm_args: -Dfile.encoding=UTF-8 
java_command: 인터페이스사용.MyWindow3
java_class_path (initial): C:\Users\aaa77\eclipse-workspace\window1\bin
Launcher Type: SUN_STANDARD

Environment Variables:
PATH=C:/Users/jdk/bin/server;C:/Users/jdk/bin;C:/Users/jdk/lib/amd64;C:\Program Files (x86)\Common Files\Oracle\Java\javapath;C:\Program Files (x86)\Intel\iCLS Client\;C:\Program Files\Intel\iCLS Client\;C:\WINDOWS\system32;C:\WINDOWS;C:\WINDOWS\System32\Wbem;C:\WINDOWS\System32\WindowsPowerShell\v1.0\;C:\WINDOWS\System32\OpenSSH\;C:\Program Files (x86)\Intel\Intel(R) Management Engine Components\DAL;C:\Program Files\Intel\Intel(R) Management Engine Components\DAL;C:\Program Files (x86)\Intel\Intel(R) Management Engine Components\IPT;C:\Program Files\Intel\Intel(R) Management Engine Components\IPT;C:\Program Files\Git\cmd;C:\Program Files\Git\bin;C:\Program Files\Graphviz\bin;C:\Users\aaa77\AppData\Local\Microsoft\WindowsApps;C:\Users\aaa77\AppData\Local\GitHubDesktop\bin;C:\Program Files\JetBrains\PyCharm Community Edition 2021.3.2\bin;;C:\Program Files\MySQL\MySQL Server 5.5\bin;;C:\Users\aaa77\OneDrive\바탕 화면;
USERNAME=aaa77
OS=Windows_NT
PROCESSOR_IDENTIFIER=Intel64 Family 6 Model 142 Stepping 10, GenuineIntel



---------------  S Y S T E M  ---------------

OS: Windows 10 , 64 bit Build 19041 (10.0.19041.1645)

CPU:total 4 (initial active 4) (2 cores per cpu, 2 threads per core) family 6 model 142 stepping 10, cmov, cx8, fxsr, mmx, sse, sse2, sse3, ssse3, sse4.1, sse4.2, popcnt, avx, avx2, aes, clmul, erms, 3dnowpref, lzcnt, ht, tsc, tscinvbit, bmi1, bmi2, adx

Memory: 4k page, physical 8218452k(1337968k free), swap 21665616k(0k free)

vm_info: Java HotSpot(TM) 64-Bit Server VM (25.321-b07) for windows-amd64 JRE (1.8.0_321-b07), built on Dec 15 2021 11:19:20 by "java_re" with MS VC++ 15.9 (VS2017)

time: Tue Apr 26 13:24:15 2022
timezone: 
elapsed time: 5849.719316 seconds (0d 1h 37m 29s)

